[2023-06-06 18:09:59] INFO Log saved in /root/autodl-tmp/xiaolong/WorkSpace/Amazon-KDDCUP-23/GRU4Rec_Next_Feat/kdd_cup_2023_DE/2023-06-06-18-09-59.log.
[2023-06-06 18:09:59] INFO Global seed set to 2022
[2023-06-06 18:09:59] INFO Load dataset from cache ./.recstudio/cache/b5aeac4e5b9ff0518bbcb59a28086594
[2023-06-06 18:10:05] INFO 
Dataset Info: 

==================================================================
item information: 
field      product_id DE_index   
type       token      float      
##         518328     -          
==================================================================
user information: 
field      sess_id    
type       token      
##         1340553    
==================================================================
interaction information: 
field      rating     sess_id    product_id timestamp  locale     
type       float      token      token      float      token      
##         -          1340553    518328     -          2          
==================================================================
Total Interactions: 6816971
Sparsity: 0.999990
==================================================================
[2023-06-06 18:10:05] INFO 
Model Config: 

data:
	binarized_rating_thres=None
	fm_eval=False
	neg_count=0
	sampler=None
	shuffle=True
	split_mode=user
	split_ratio=[1.0]
	test_rep=True
	train_rep=True
eval:
	batch_size=1024
	cutoff=[100, 200, 300]
	val_metrics=['mrr', 'recall', 'precision', 'ndcg']
	val_n_epoch=1
	test_metrics=['recall', 'precision', 'map', 'ndcg', 'mrr', 'hit']
	topk=300
	save_path=./saved/
	num_workers=8
	predict_topk=100
model:
	embed_dim=128
	item_bias=False
	hidden_size=256
	dropout_rate=0.5
	layer_num=2
	loss_func=softmax
	use_product_feature=1
	use_color=0
	use_price=0
	use_text_feat=0
	item_text_layers=[768, 128]
	item_text_dropout=0.0
	feat_id_concat=0
	feat_id_layers=None
	feat_id_dropout=None
	item_text_vectors=/root/autodl-tmp/xiaolong/WorkSpace/Amazon-KDDCUP-23/data_for_recstudio/DE_data/DE_product_text_vectors.npy
train:
	accelerator=gpu
	ann=None
	batch_size=1024
	early_stop_mode=max
	early_stop_patience=10
	epochs=100
	gpu=5
	grad_clip_norm=None
	init_method=default
	init_range=0.02
	item_batch_size=1024
	learner=adam
	learning_rate=0.001
	num_threads=10
	num_workers=8
	sampling_method=none
	sampler=uniform
	negative_count=None
	excluding_hist=False
	scheduler=onplateau
	scheduler_patience=2
	scheduler_factor=0.5
	seed=2022
	weight_decay=0.0
	tensorboard_path=None
	use_wandb=False
	wandb_project=None
	wandb_count=0
[2023-06-06 18:10:06] INFO save_dir:./saved/
[2023-06-06 18:10:06] INFO GRU4Rec_Next_Feat(
  (score_func): InnerProductScorer()
  (loss_fn): SoftmaxLoss()
  (item_encoder): GRU4RecFeatItemEncoder(
    (item_emb): Embedding(518328, 128, padding_idx=0)
    (brand_embedding): Embedding(68941, 128, padding_idx=0)
    (material_embedding): Embedding(15127, 128, padding_idx=0)
    (author_embedding): Embedding(10517, 128, padding_idx=0)
  )
  (query_encoder): VStackLayer(
    (0): HStackLayer(
      (0): Sequential(
        (0): GRU4RecFeatItemEncoder(
          (item_emb): Embedding(518328, 128, padding_idx=0)
          (brand_embedding): Embedding(68941, 128, padding_idx=0)
          (material_embedding): Embedding(15127, 128, padding_idx=0)
          (author_embedding): Embedding(10517, 128, padding_idx=0)
        )
        (1): Dropout(p=0.5, inplace=False)
        (2): GRULayer(
          (gru): GRU(128, 256, num_layers=2, bias=False, batch_first=True)
        )
      )
      (1): LambdaLayer()
    )
    (1): SeqPoolingLayer(pooling_type=last, keepdim=False)
    (2): Linear(in_features=256, out_features=128, bias=True)
  )
)
[2023-06-06 18:10:06] INFO GPU id [5] are selected.
[2023-06-06 18:18:34] INFO Training: Epoch=  0 [mrr@100=0.1206 recall@100=0.3720 precision@100=0.0037 ndcg@100=0.1704 train_loss_0=9.2216]
[2023-06-06 18:18:34] INFO Train time: 495.02284s. Valid time: 7.41514s. GPU RAM: 11.97/23.70 GB
[2023-06-06 18:18:34] INFO Current learning rate : 0.001
[2023-06-06 18:18:36] INFO Best model checkpoint saved in ./saved/GRU4Rec_Next_Feat/kdd_cup_2023_DE/2023-06-06-18-09-59.ckpt.
[2023-06-06 18:18:36] INFO mrr@100 improved. Best value: 0.1206
[2023-06-06 18:27:08] INFO Training: Epoch=  1 [mrr@100=0.1555 recall@100=0.4318 precision@100=0.0043 ndcg@100=0.2104 train_loss_0=7.8670]
[2023-06-06 18:27:08] INFO Train time: 504.28182s. Valid time: 7.36350s. GPU RAM: 11.97/23.70 GB
[2023-06-06 18:27:08] INFO Current learning rate : 0.001
[2023-06-06 18:27:11] INFO Best model checkpoint saved in ./saved/GRU4Rec_Next_Feat/kdd_cup_2023_DE/2023-06-06-18-09-59.ckpt.
[2023-06-06 18:27:11] INFO mrr@100 improved. Best value: 0.1555
[2023-06-06 18:35:42] INFO Training: Epoch=  2 [mrr@100=0.1827 recall@100=0.4776 precision@100=0.0048 ndcg@100=0.2415 train_loss_0=7.1494]
[2023-06-06 18:35:42] INFO Train time: 502.97647s. Valid time: 7.34620s. GPU RAM: 11.97/23.70 GB
[2023-06-06 18:35:42] INFO Current learning rate : 0.001
[2023-06-06 18:35:44] INFO Best model checkpoint saved in ./saved/GRU4Rec_Next_Feat/kdd_cup_2023_DE/2023-06-06-18-09-59.ckpt.
[2023-06-06 18:35:44] INFO mrr@100 improved. Best value: 0.1827
[2023-06-06 18:44:00] INFO Training: Epoch=  3 [mrr@100=0.2031 recall@100=0.5129 precision@100=0.0051 ndcg@100=0.2651 train_loss_0=6.6572]
[2023-06-06 18:44:00] INFO Train time: 488.78010s. Valid time: 7.32306s. GPU RAM: 11.97/23.70 GB
[2023-06-06 18:44:00] INFO Current learning rate : 0.001
[2023-06-06 18:44:03] INFO Best model checkpoint saved in ./saved/GRU4Rec_Next_Feat/kdd_cup_2023_DE/2023-06-06-18-09-59.ckpt.
[2023-06-06 18:44:03] INFO mrr@100 improved. Best value: 0.2031
[2023-06-06 18:52:14] INFO Training: Epoch=  4 [mrr@100=0.2187 recall@100=0.5400 precision@100=0.0054 ndcg@100=0.2833 train_loss_0=6.2963]
[2023-06-06 18:52:14] INFO Train time: 483.95765s. Valid time: 6.65788s. GPU RAM: 11.97/23.70 GB
[2023-06-06 18:52:14] INFO Current learning rate : 0.001
[2023-06-06 18:52:16] INFO Best model checkpoint saved in ./saved/GRU4Rec_Next_Feat/kdd_cup_2023_DE/2023-06-06-18-09-59.ckpt.
[2023-06-06 18:52:16] INFO mrr@100 improved. Best value: 0.2187
[2023-06-06 19:00:38] INFO Training: Epoch=  5 [mrr@100=0.2331 recall@100=0.5626 precision@100=0.0056 ndcg@100=0.2995 train_loss_0=6.0189]
[2023-06-06 19:00:38] INFO Train time: 494.58398s. Valid time: 7.21284s. GPU RAM: 11.97/23.70 GB
[2023-06-06 19:00:38] INFO Current learning rate : 0.001
[2023-06-06 19:00:41] INFO Best model checkpoint saved in ./saved/GRU4Rec_Next_Feat/kdd_cup_2023_DE/2023-06-06-18-09-59.ckpt.
[2023-06-06 19:00:41] INFO mrr@100 improved. Best value: 0.2331
[2023-06-06 19:09:11] INFO Training: Epoch=  6 [mrr@100=0.2432 recall@100=0.5794 precision@100=0.0058 ndcg@100=0.3112 train_loss_0=5.7997]
[2023-06-06 19:09:11] INFO Train time: 502.24856s. Valid time: 7.54904s. GPU RAM: 11.97/23.70 GB
[2023-06-06 19:09:11] INFO Current learning rate : 0.001
[2023-06-06 19:09:14] INFO Best model checkpoint saved in ./saved/GRU4Rec_Next_Feat/kdd_cup_2023_DE/2023-06-06-18-09-59.ckpt.
[2023-06-06 19:09:14] INFO mrr@100 improved. Best value: 0.2432
[2023-06-06 19:17:34] INFO Training: Epoch=  7 [mrr@100=0.2520 recall@100=0.5937 precision@100=0.0059 ndcg@100=0.3212 train_loss_0=5.6215]
[2023-06-06 19:17:34] INFO Train time: 492.87241s. Valid time: 6.87086s. GPU RAM: 11.97/23.70 GB
[2023-06-06 19:17:34] INFO Current learning rate : 0.001
[2023-06-06 19:17:37] INFO Best model checkpoint saved in ./saved/GRU4Rec_Next_Feat/kdd_cup_2023_DE/2023-06-06-18-09-59.ckpt.
[2023-06-06 19:17:37] INFO mrr@100 improved. Best value: 0.2520
[2023-06-06 19:26:04] INFO Training: Epoch=  8 [mrr@100=0.2590 recall@100=0.6047 precision@100=0.0060 ndcg@100=0.3291 train_loss_0=5.4728]
[2023-06-06 19:26:04] INFO Train time: 496.74484s. Valid time: 10.02819s. GPU RAM: 11.97/23.70 GB
[2023-06-06 19:26:04] INFO Current learning rate : 0.001
[2023-06-06 19:26:07] INFO Best model checkpoint saved in ./saved/GRU4Rec_Next_Feat/kdd_cup_2023_DE/2023-06-06-18-09-59.ckpt.
[2023-06-06 19:26:07] INFO mrr@100 improved. Best value: 0.2590
[2023-06-06 19:34:47] INFO Training: Epoch=  9 [mrr@100=0.2646 recall@100=0.6138 precision@100=0.0061 ndcg@100=0.3355 train_loss_0=5.3472]
[2023-06-06 19:34:47] INFO Train time: 511.93716s. Valid time: 8.15510s. GPU RAM: 11.97/23.70 GB
[2023-06-06 19:34:47] INFO Current learning rate : 0.001
[2023-06-06 19:34:50] INFO Best model checkpoint saved in ./saved/GRU4Rec_Next_Feat/kdd_cup_2023_DE/2023-06-06-18-09-59.ckpt.
[2023-06-06 19:34:50] INFO mrr@100 improved. Best value: 0.2646
[2023-06-06 19:43:31] INFO Training: Epoch= 10 [mrr@100=0.2700 recall@100=0.6218 precision@100=0.0062 ndcg@100=0.3416 train_loss_0=5.2396]
[2023-06-06 19:43:31] INFO Train time: 513.35446s. Valid time: 7.26750s. GPU RAM: 11.97/23.70 GB
[2023-06-06 19:43:31] INFO Current learning rate : 0.001
[2023-06-06 19:43:34] INFO Best model checkpoint saved in ./saved/GRU4Rec_Next_Feat/kdd_cup_2023_DE/2023-06-06-18-09-59.ckpt.
[2023-06-06 19:43:34] INFO mrr@100 improved. Best value: 0.2700
[2023-06-06 19:52:02] INFO Training: Epoch= 11 [mrr@100=0.2738 recall@100=0.6290 precision@100=0.0063 ndcg@100=0.3461 train_loss_0=5.1433]
[2023-06-06 19:52:02] INFO Train time: 500.24935s. Valid time: 7.72048s. GPU RAM: 11.97/23.70 GB
[2023-06-06 19:52:02] INFO Current learning rate : 0.001
[2023-06-06 19:52:05] INFO Best model checkpoint saved in ./saved/GRU4Rec_Next_Feat/kdd_cup_2023_DE/2023-06-06-18-09-59.ckpt.
[2023-06-06 19:52:05] INFO mrr@100 improved. Best value: 0.2738
[2023-06-06 20:00:31] INFO Training: Epoch= 12 [mrr@100=0.2780 recall@100=0.6347 precision@100=0.0063 ndcg@100=0.3507 train_loss_0=5.0597]
[2023-06-06 20:00:31] INFO Train time: 498.74794s. Valid time: 7.50680s. GPU RAM: 11.97/23.70 GB
[2023-06-06 20:00:31] INFO Current learning rate : 0.001
[2023-06-06 20:00:36] INFO Best model checkpoint saved in ./saved/GRU4Rec_Next_Feat/kdd_cup_2023_DE/2023-06-06-18-09-59.ckpt.
[2023-06-06 20:00:36] INFO mrr@100 improved. Best value: 0.2780
[2023-06-06 20:08:57] INFO Training: Epoch= 13 [mrr@100=0.2800 recall@100=0.6403 precision@100=0.0064 ndcg@100=0.3535 train_loss_0=4.9856]
[2023-06-06 20:08:57] INFO Train time: 493.46737s. Valid time: 7.41785s. GPU RAM: 11.97/23.70 GB
[2023-06-06 20:08:57] INFO Current learning rate : 0.001
[2023-06-06 20:09:00] INFO Best model checkpoint saved in ./saved/GRU4Rec_Next_Feat/kdd_cup_2023_DE/2023-06-06-18-09-59.ckpt.
[2023-06-06 20:09:00] INFO mrr@100 improved. Best value: 0.2800
[2023-06-06 20:17:14] INFO Training: Epoch= 14 [mrr@100=0.2823 recall@100=0.6445 precision@100=0.0064 ndcg@100=0.3562 train_loss_0=4.9157]
[2023-06-06 20:17:14] INFO Train time: 487.92122s. Valid time: 6.65944s. GPU RAM: 11.97/23.70 GB
[2023-06-06 20:17:14] INFO Current learning rate : 0.001
[2023-06-06 20:17:18] INFO Best model checkpoint saved in ./saved/GRU4Rec_Next_Feat/kdd_cup_2023_DE/2023-06-06-18-09-59.ckpt.
[2023-06-06 20:17:18] INFO mrr@100 improved. Best value: 0.2823
[2023-06-06 20:25:28] INFO Training: Epoch= 15 [mrr@100=0.2850 recall@100=0.6477 precision@100=0.0065 ndcg@100=0.3590 train_loss_0=4.8515]
[2023-06-06 20:25:28] INFO Train time: 483.43569s. Valid time: 6.81249s. GPU RAM: 11.97/23.70 GB
[2023-06-06 20:25:28] INFO Current learning rate : 0.001
[2023-06-06 20:25:31] INFO Best model checkpoint saved in ./saved/GRU4Rec_Next_Feat/kdd_cup_2023_DE/2023-06-06-18-09-59.ckpt.
[2023-06-06 20:25:31] INFO mrr@100 improved. Best value: 0.2850
[2023-06-06 20:33:58] INFO Training: Epoch= 16 [mrr@100=0.2876 recall@100=0.6510 precision@100=0.0065 ndcg@100=0.3618 train_loss_0=4.7905]
[2023-06-06 20:33:58] INFO Train time: 498.70656s. Valid time: 7.95212s. GPU RAM: 11.97/23.70 GB
[2023-06-06 20:33:58] INFO Current learning rate : 0.001
[2023-06-06 20:34:00] INFO Best model checkpoint saved in ./saved/GRU4Rec_Next_Feat/kdd_cup_2023_DE/2023-06-06-18-09-59.ckpt.
[2023-06-06 20:34:00] INFO mrr@100 improved. Best value: 0.2876
[2023-06-06 20:42:30] INFO Training: Epoch= 17 [mrr@100=0.2880 recall@100=0.6525 precision@100=0.0065 ndcg@100=0.3624 train_loss_0=4.7300]
[2023-06-06 20:42:30] INFO Train time: 503.25881s. Valid time: 6.61969s. GPU RAM: 11.97/23.70 GB
[2023-06-06 20:42:30] INFO Current learning rate : 0.001
[2023-06-06 20:42:33] INFO Best model checkpoint saved in ./saved/GRU4Rec_Next_Feat/kdd_cup_2023_DE/2023-06-06-18-09-59.ckpt.
[2023-06-06 20:42:33] INFO mrr@100 improved. Best value: 0.2880
[2023-06-06 20:50:52] INFO Training: Epoch= 18 [mrr@100=0.2897 recall@100=0.6540 precision@100=0.0065 ndcg@100=0.3641 train_loss_0=4.6710]
[2023-06-06 20:50:52] INFO Train time: 492.48836s. Valid time: 7.14795s. GPU RAM: 11.97/23.70 GB
[2023-06-06 20:50:52] INFO Current learning rate : 0.001
[2023-06-06 20:50:55] INFO Best model checkpoint saved in ./saved/GRU4Rec_Next_Feat/kdd_cup_2023_DE/2023-06-06-18-09-59.ckpt.
[2023-06-06 20:50:55] INFO mrr@100 improved. Best value: 0.2897
[2023-06-06 20:59:09] INFO Training: Epoch= 19 [mrr@100=0.2920 recall@100=0.6574 precision@100=0.0066 ndcg@100=0.3666 train_loss_0=4.6154]
[2023-06-06 20:59:09] INFO Train time: 487.56660s. Valid time: 6.45490s. GPU RAM: 11.97/23.70 GB
[2023-06-06 20:59:09] INFO Current learning rate : 0.001
[2023-06-06 20:59:12] INFO Best model checkpoint saved in ./saved/GRU4Rec_Next_Feat/kdd_cup_2023_DE/2023-06-06-18-09-59.ckpt.
[2023-06-06 20:59:12] INFO mrr@100 improved. Best value: 0.2920
[2023-06-06 21:07:24] INFO Training: Epoch= 20 [mrr@100=0.2926 recall@100=0.6569 precision@100=0.0066 ndcg@100=0.3671 train_loss_0=4.5596]
[2023-06-06 21:07:24] INFO Train time: 485.19021s. Valid time: 6.49754s. GPU RAM: 11.97/23.70 GB
[2023-06-06 21:07:24] INFO Current learning rate : 0.001
[2023-06-06 21:07:26] INFO Best model checkpoint saved in ./saved/GRU4Rec_Next_Feat/kdd_cup_2023_DE/2023-06-06-18-09-59.ckpt.
[2023-06-06 21:07:26] INFO mrr@100 improved. Best value: 0.2926
[2023-06-06 21:15:45] INFO Training: Epoch= 21 [mrr@100=0.2944 recall@100=0.6587 precision@100=0.0066 ndcg@100=0.3689 train_loss_0=4.5075]
[2023-06-06 21:15:45] INFO Train time: 491.10324s. Valid time: 8.23399s. GPU RAM: 11.97/23.70 GB
[2023-06-06 21:15:45] INFO Current learning rate : 0.001
[2023-06-06 21:15:48] INFO Best model checkpoint saved in ./saved/GRU4Rec_Next_Feat/kdd_cup_2023_DE/2023-06-06-18-09-59.ckpt.
[2023-06-06 21:15:48] INFO mrr@100 improved. Best value: 0.2944
[2023-06-06 21:24:15] INFO Training: Epoch= 22 [mrr@100=0.2940 recall@100=0.6594 precision@100=0.0066 ndcg@100=0.3688 train_loss_0=4.4597]
[2023-06-06 21:24:15] INFO Train time: 499.38948s. Valid time: 6.77334s. GPU RAM: 11.97/23.70 GB
[2023-06-06 21:24:15] INFO Current learning rate : 0.001
[2023-06-06 21:32:25] INFO Training: Epoch= 23 [mrr@100=0.2948 recall@100=0.6602 precision@100=0.0066 ndcg@100=0.3696 train_loss_0=4.4135]
[2023-06-06 21:32:25] INFO Train time: 484.72168s. Valid time: 5.43102s. GPU RAM: 11.97/23.70 GB
[2023-06-06 21:32:25] INFO Current learning rate : 0.001
[2023-06-06 21:32:28] INFO Best model checkpoint saved in ./saved/GRU4Rec_Next_Feat/kdd_cup_2023_DE/2023-06-06-18-09-59.ckpt.
[2023-06-06 21:32:28] INFO mrr@100 improved. Best value: 0.2948
[2023-06-06 21:40:28] INFO Training: Epoch= 24 [mrr@100=0.2953 recall@100=0.6606 precision@100=0.0066 ndcg@100=0.3700 train_loss_0=4.3701]
[2023-06-06 21:40:28] INFO Train time: 474.43620s. Valid time: 6.35159s. GPU RAM: 11.97/23.70 GB
[2023-06-06 21:40:28] INFO Current learning rate : 0.001
[2023-06-06 21:40:30] INFO Best model checkpoint saved in ./saved/GRU4Rec_Next_Feat/kdd_cup_2023_DE/2023-06-06-18-09-59.ckpt.
[2023-06-06 21:40:30] INFO mrr@100 improved. Best value: 0.2953
[2023-06-06 21:48:31] INFO Training: Epoch= 25 [mrr@100=0.2961 recall@100=0.6603 precision@100=0.0066 ndcg@100=0.3707 train_loss_0=4.3271]
[2023-06-06 21:48:31] INFO Train time: 475.21538s. Valid time: 6.00005s. GPU RAM: 11.97/23.70 GB
[2023-06-06 21:48:31] INFO Current learning rate : 0.001
[2023-06-06 21:48:34] INFO Best model checkpoint saved in ./saved/GRU4Rec_Next_Feat/kdd_cup_2023_DE/2023-06-06-18-09-59.ckpt.
[2023-06-06 21:48:34] INFO mrr@100 improved. Best value: 0.2961
[2023-06-06 21:56:39] INFO Training: Epoch= 26 [mrr@100=0.2962 recall@100=0.6612 precision@100=0.0066 ndcg@100=0.3709 train_loss_0=4.2877]
[2023-06-06 21:56:39] INFO Train time: 479.27341s. Valid time: 5.49471s. GPU RAM: 11.97/23.70 GB
[2023-06-06 21:56:39] INFO Current learning rate : 0.001
[2023-06-06 21:56:42] INFO Best model checkpoint saved in ./saved/GRU4Rec_Next_Feat/kdd_cup_2023_DE/2023-06-06-18-09-59.ckpt.
[2023-06-06 21:56:42] INFO mrr@100 improved. Best value: 0.2962
[2023-06-06 22:04:46] INFO Training: Epoch= 27 [mrr@100=0.2961 recall@100=0.6610 precision@100=0.0066 ndcg@100=0.3708 train_loss_0=4.2492]
[2023-06-06 22:04:46] INFO Train time: 478.08984s. Valid time: 6.11207s. GPU RAM: 11.97/23.70 GB
[2023-06-06 22:04:46] INFO Current learning rate : 0.001
[2023-06-06 22:12:45] INFO Training: Epoch= 28 [mrr@100=0.2957 recall@100=0.6603 precision@100=0.0066 ndcg@100=0.3704 train_loss_0=4.2117]
[2023-06-06 22:12:45] INFO Train time: 473.24647s. Valid time: 5.82178s. GPU RAM: 11.97/23.70 GB
[2023-06-06 22:12:45] INFO Current learning rate : 0.001
[2023-06-06 22:20:47] INFO Training: Epoch= 29 [mrr@100=0.2949 recall@100=0.6601 precision@100=0.0066 ndcg@100=0.3697 train_loss_0=4.1755]
[2023-06-06 22:20:47] INFO Train time: 476.00566s. Valid time: 5.73456s. GPU RAM: 11.97/23.70 GB
[2023-06-06 22:20:47] INFO Current learning rate : 0.0005
[2023-06-06 22:28:53] INFO Training: Epoch= 30 [mrr@100=0.2981 recall@100=0.6619 precision@100=0.0066 ndcg@100=0.3725 train_loss_0=4.0283]
[2023-06-06 22:28:53] INFO Train time: 480.13907s. Valid time: 5.81369s. GPU RAM: 11.97/23.70 GB
[2023-06-06 22:28:53] INFO Current learning rate : 0.0005
[2023-06-06 22:28:56] INFO Best model checkpoint saved in ./saved/GRU4Rec_Next_Feat/kdd_cup_2023_DE/2023-06-06-18-09-59.ckpt.
[2023-06-06 22:28:56] INFO mrr@100 improved. Best value: 0.2981
[2023-06-06 22:36:53] INFO Training: Epoch= 31 [mrr@100=0.2972 recall@100=0.6609 precision@100=0.0066 ndcg@100=0.3716 train_loss_0=3.9951]
[2023-06-06 22:36:53] INFO Train time: 471.64160s. Valid time: 5.96601s. GPU RAM: 11.97/23.70 GB
[2023-06-06 22:36:53] INFO Current learning rate : 0.0005
[2023-06-06 22:44:56] INFO Training: Epoch= 32 [mrr@100=0.2970 recall@100=0.6605 precision@100=0.0066 ndcg@100=0.3714 train_loss_0=3.9710]
[2023-06-06 22:44:56] INFO Train time: 476.44224s. Valid time: 5.84283s. GPU RAM: 11.97/23.70 GB
[2023-06-06 22:44:56] INFO Current learning rate : 0.0005
[2023-06-06 22:52:59] INFO Training: Epoch= 33 [mrr@100=0.2975 recall@100=0.6596 precision@100=0.0066 ndcg@100=0.3716 train_loss_0=3.9485]
[2023-06-06 22:52:59] INFO Train time: 478.15248s. Valid time: 5.66183s. GPU RAM: 11.97/23.70 GB
[2023-06-06 22:52:59] INFO Current learning rate : 0.00025
[2023-06-06 23:01:05] INFO Training: Epoch= 34 [mrr@100=0.2982 recall@100=0.6604 precision@100=0.0066 ndcg@100=0.3723 train_loss_0=3.8652]
[2023-06-06 23:01:05] INFO Train time: 479.52410s. Valid time: 6.14219s. GPU RAM: 11.97/23.70 GB
[2023-06-06 23:01:05] INFO Current learning rate : 0.00025
[2023-06-06 23:01:07] INFO Best model checkpoint saved in ./saved/GRU4Rec_Next_Feat/kdd_cup_2023_DE/2023-06-06-18-09-59.ckpt.
[2023-06-06 23:01:07] INFO mrr@100 improved. Best value: 0.2982
[2023-06-06 23:09:06] INFO Training: Epoch= 35 [mrr@100=0.2976 recall@100=0.6599 precision@100=0.0066 ndcg@100=0.3718 train_loss_0=3.8475]
[2023-06-06 23:09:06] INFO Train time: 473.78922s. Valid time: 5.70347s. GPU RAM: 11.97/23.70 GB
[2023-06-06 23:09:06] INFO Current learning rate : 0.00025
[2023-06-06 23:17:11] INFO Training: Epoch= 36 [mrr@100=0.2970 recall@100=0.6594 precision@100=0.0066 ndcg@100=0.3711 train_loss_0=3.8335]
[2023-06-06 23:17:11] INFO Train time: 478.65543s. Valid time: 5.39191s. GPU RAM: 11.97/23.70 GB
[2023-06-06 23:17:11] INFO Current learning rate : 0.00025
[2023-06-06 23:25:19] INFO Training: Epoch= 37 [mrr@100=0.2968 recall@100=0.6587 precision@100=0.0066 ndcg@100=0.3709 train_loss_0=3.8209]
[2023-06-06 23:25:19] INFO Train time: 482.76121s. Valid time: 6.16018s. GPU RAM: 11.97/23.70 GB
[2023-06-06 23:25:19] INFO Current learning rate : 0.000125
[2023-06-06 23:33:26] INFO Training: Epoch= 38 [mrr@100=0.2969 recall@100=0.6587 precision@100=0.0066 ndcg@100=0.3710 train_loss_0=3.7755]
[2023-06-06 23:33:26] INFO Train time: 479.88232s. Valid time: 6.24998s. GPU RAM: 11.97/23.70 GB
[2023-06-06 23:33:26] INFO Current learning rate : 0.000125
[2023-06-06 23:41:42] INFO Training: Epoch= 39 [mrr@100=0.2969 recall@100=0.6585 precision@100=0.0066 ndcg@100=0.3710 train_loss_0=3.7656]
[2023-06-06 23:41:42] INFO Train time: 487.80779s. Valid time: 8.12938s. GPU RAM: 11.97/23.70 GB
[2023-06-06 23:41:42] INFO Current learning rate : 0.000125
[2023-06-06 23:49:48] INFO Training: Epoch= 40 [mrr@100=0.2969 recall@100=0.6584 precision@100=0.0066 ndcg@100=0.3709 train_loss_0=3.7590]
[2023-06-06 23:49:48] INFO Train time: 480.37513s. Valid time: 5.64334s. GPU RAM: 11.97/23.70 GB
[2023-06-06 23:49:48] INFO Current learning rate : 6.25e-05
[2023-06-06 23:57:55] INFO Training: Epoch= 41 [mrr@100=0.2970 recall@100=0.6583 precision@100=0.0066 ndcg@100=0.3709 train_loss_0=3.7355]
[2023-06-06 23:57:55] INFO Train time: 481.21975s. Valid time: 6.25220s. GPU RAM: 11.97/23.70 GB
[2023-06-06 23:57:55] INFO Current learning rate : 6.25e-05
[2023-06-07 00:05:58] INFO Training: Epoch= 42 [mrr@100=0.2969 recall@100=0.6579 precision@100=0.0066 ndcg@100=0.3708 train_loss_0=3.7300]
[2023-06-07 00:05:58] INFO Train time: 476.84656s. Valid time: 5.68682s. GPU RAM: 11.97/23.70 GB
[2023-06-07 00:05:58] INFO Current learning rate : 6.25e-05
[2023-06-07 00:13:59] INFO Training: Epoch= 43 [mrr@100=0.2971 recall@100=0.6578 precision@100=0.0066 ndcg@100=0.3710 train_loss_0=3.7268]
[2023-06-07 00:13:59] INFO Train time: 475.76989s. Valid time: 5.45164s. GPU RAM: 11.97/23.70 GB
[2023-06-07 00:13:59] INFO Current learning rate : 3.125e-05
[2023-06-07 00:22:07] INFO Training: Epoch= 44 [mrr@100=0.2970 recall@100=0.6578 precision@100=0.0066 ndcg@100=0.3708 train_loss_0=3.7148]
[2023-06-07 00:22:07] INFO Train time: 482.77958s. Valid time: 5.16310s. GPU RAM: 11.97/23.70 GB
[2023-06-07 00:22:07] INFO Current learning rate : 3.125e-05
[2023-06-07 00:22:07] INFO Early stopped. Since the metric mrr@100 haven't been improved for 10 epochs.
[2023-06-07 00:22:07] INFO The best score of mrr@100 is 0.2982 on epoch 34
[2023-06-07 00:22:10] INFO Best model checkpoint saved in ./saved/GRU4Rec_Next_Feat/kdd_cup_2023_DE/2023-06-06-18-09-59.ckpt.
[2023-06-07 00:22:16] INFO Testing:  [recall@100=0.6604 precision@100=0.0066 map@100=0.2982 ndcg@100=0.3723 mrr@100=0.2982 hit@100=0.6604 recall@200=0.6991 precision@200=0.0035 map@200=0.2984 ndcg@200=0.3777 mrr@200=0.2984 hit@200=0.6991 recall@300=0.7179 precision@300=0.0024 map@300=0.2985 ndcg@300=0.3801 mrr@300=0.2985 hit@300=0.7179]
[2023-06-07 00:22:23] INFO Load checkpoint from ./saved/GRU4Rec_Next_Feat/kdd_cup_2023_DE/2023-06-06-18-09-59.ckpt
[2023-06-07 00:22:47] INFO Load checkpoint from ./saved/GRU4Rec_Next_Feat/kdd_cup_2023_DE/2023-06-06-18-09-59.ckpt
[2023-06-07 00:23:13] INFO Load checkpoint from ./saved/GRU4Rec_Next_Feat/kdd_cup_2023_DE/2023-06-06-18-09-59.ckpt
[2023-06-07 00:23:35] INFO Prediction is finished, results are saved in ./predictions/GRU4Rec_Next_Feat/kdd_cup_2023_DE/2023-06-07-00-22-16.parquet.
