[2023-05-30 13:40:19] INFO Log saved in /root/autodl-tmp/xiaolong/WorkSpace/Amazon-KDDCUP-23/SeqMLP/kdd_cup_2023_JP/2023-05-30-13-40-19.log.
[2023-05-30 13:40:19] INFO Global seed set to 2022
[2023-05-30 13:40:19] INFO dataset is read from /root/autodl-tmp/xiaolong/WorkSpace/Amazon-KDDCUP-23/data_for_recstudio/JP_data.
[2023-05-30 13:41:42] INFO start to create item index feat.
[2023-05-30 13:41:42] INFO item index feat is ready.
[2023-05-30 13:42:58] INFO 
Dataset Info: 

==================================================================
item information: 
field      product_id JP_index   
type       token      float      
##         395010     -          
==================================================================
user information: 
field      sess_id    
type       token      
##         1192054    
==================================================================
interaction information: 
field      rating     sess_id    product_id timestamp  locale     
type       float      token      token      float      token      
##         -          1192054    395010     -          2          
==================================================================
Total Interactions: 6218923
Sparsity: 0.999987
==================================================================
[2023-05-30 13:42:58] INFO 
Model Config: 

data:
	binarized_rating_thres=None
	fm_eval=False
	neg_count=0
	sampler=None
	shuffle=True
	split_mode=user
	split_ratio=[1.0]
	test_rep=True
	train_rep=True
	max_seq_len=10
eval:
	batch_size=1024
	cutoff=[100, 200, 300]
	val_metrics=['mrr', 'recall', 'precision', 'ndcg']
	val_n_epoch=1
	test_metrics=['recall', 'precision', 'map', 'ndcg', 'mrr', 'hit']
	topk=300
	save_path=./saved/
	num_workers=8
	predict_topk=100
model:
	embed_dim=256
	item_bias=False
	activation=relu
	batch_norm=1
	dropout_rate=0.15
	hidden_layers=[768, 768, 768]
	loss_func=softmax
train:
	accelerator=gpu
	ann=None
	batch_size=1024
	early_stop_mode=max
	early_stop_patience=10
	epochs=300
	gpu=0
	grad_clip_norm=None
	init_method=default
	init_range=0.02
	item_batch_size=1024
	learner=adam
	learning_rate=0.00075
	num_threads=10
	num_workers=8
	sampling_method=none
	sampler=uniform
	negative_count=None
	excluding_hist=False
	scheduler=onplateau
	scheduler_patience=2
	scheduler_factor=0.5
	seed=2022
	weight_decay=0.0
	tensorboard_path=None
	use_wandb=False
	wandb_project=None
	wandb_count=0
	pretrained_embed_file=None
[2023-05-30 13:42:59] INFO save_dir:./saved/
[2023-05-30 13:42:59] INFO SeqMLP(
  (score_func): InnerProductScorer()
  (loss_fn): SoftmaxLoss()
  (item_encoder): Embedding(395010, 256, padding_idx=0)
  (query_encoder): MLPQueryEncoder(
    (item_encoder): Embedding(395010, 256, padding_idx=0)
    (hidden_layers): MLPModule(
      (model): Sequential(
        (0): Dropout(p=0.15, inplace=False)
        (1): Linear(in_features=2560, out_features=768, bias=True)
        (2): BatchNorm1d(768, eps=1e-05, momentum=0.1, affine=True, track_running_stats=True)
        (3): ReLU()
        (4): Dropout(p=0.15, inplace=False)
        (5): Linear(in_features=768, out_features=768, bias=True)
        (6): BatchNorm1d(768, eps=1e-05, momentum=0.1, affine=True, track_running_stats=True)
        (7): ReLU()
        (8): Dropout(p=0.15, inplace=False)
        (9): Linear(in_features=768, out_features=768, bias=True)
        (10): BatchNorm1d(768, eps=1e-05, momentum=0.1, affine=True, track_running_stats=True)
        (11): ReLU()
        (12): Dropout(p=0.15, inplace=False)
        (13): Linear(in_features=768, out_features=256, bias=True)
        (14): BatchNorm1d(256, eps=1e-05, momentum=0.1, affine=True, track_running_stats=True)
      )
    )
  )
)
[2023-05-30 13:42:59] INFO GPU id [0] are selected.
[2023-05-30 13:50:37] INFO Training: Epoch=  0 [mrr@100=0.0135 recall@100=0.0353 precision@100=0.0004 ndcg@100=0.0176 train_loss_0=13.3484]
[2023-05-30 13:50:37] INFO Train time: 446.12335s. Valid time: 8.01965s. GPU RAM: 8.39/39.39 GB
[2023-05-30 13:50:37] INFO Current learning rate : 0.00075
[2023-05-30 13:50:38] INFO Best model checkpoint saved in ./saved/SeqMLP/kdd_cup_2023_JP/2023-05-30-13-40-19.ckpt.
[2023-05-30 13:50:38] INFO mrr@100 improved. Best value: 0.0135
[2023-05-30 13:58:38] INFO Training: Epoch=  1 [mrr@100=0.0799 recall@100=0.1611 precision@100=0.0016 ndcg@100=0.0962 train_loss_0=10.3272]
[2023-05-30 13:58:38] INFO Train time: 474.67221s. Valid time: 5.45432s. GPU RAM: 8.39/39.39 GB
[2023-05-30 13:58:38] INFO Current learning rate : 0.00075
[2023-05-30 13:58:41] INFO Best model checkpoint saved in ./saved/SeqMLP/kdd_cup_2023_JP/2023-05-30-13-40-19.ckpt.
[2023-05-30 13:58:41] INFO mrr@100 improved. Best value: 0.0799
[2023-05-30 14:06:18] INFO Training: Epoch=  2 [mrr@100=0.1544 recall@100=0.2864 precision@100=0.0029 ndcg@100=0.1815 train_loss_0=8.8547]
[2023-05-30 14:06:18] INFO Train time: 450.79505s. Valid time: 6.43408s. GPU RAM: 8.39/39.39 GB
[2023-05-30 14:06:18] INFO Current learning rate : 0.00075
[2023-05-30 14:06:20] INFO Best model checkpoint saved in ./saved/SeqMLP/kdd_cup_2023_JP/2023-05-30-13-40-19.ckpt.
[2023-05-30 14:06:20] INFO mrr@100 improved. Best value: 0.1544
[2023-05-30 14:14:16] INFO Training: Epoch=  3 [mrr@100=0.2055 recall@100=0.3744 precision@100=0.0037 ndcg@100=0.2406 train_loss_0=7.6972]
[2023-05-30 14:14:16] INFO Train time: 468.83425s. Valid time: 6.54694s. GPU RAM: 8.39/39.39 GB
[2023-05-30 14:14:16] INFO Current learning rate : 0.00075
[2023-05-30 14:14:18] INFO Best model checkpoint saved in ./saved/SeqMLP/kdd_cup_2023_JP/2023-05-30-13-40-19.ckpt.
[2023-05-30 14:14:18] INFO mrr@100 improved. Best value: 0.2055
[2023-05-30 14:21:47] INFO Training: Epoch=  4 [mrr@100=0.2409 recall@100=0.4389 precision@100=0.0044 ndcg@100=0.2823 train_loss_0=6.8703]
[2023-05-30 14:21:47] INFO Train time: 439.61681s. Valid time: 9.05425s. GPU RAM: 8.39/39.39 GB
[2023-05-30 14:21:47] INFO Current learning rate : 0.00075
[2023-05-30 14:21:50] INFO Best model checkpoint saved in ./saved/SeqMLP/kdd_cup_2023_JP/2023-05-30-13-40-19.ckpt.
[2023-05-30 14:21:50] INFO mrr@100 improved. Best value: 0.2409
[2023-05-30 14:29:15] INFO Training: Epoch=  5 [mrr@100=0.2653 recall@100=0.4857 precision@100=0.0049 ndcg@100=0.3115 train_loss_0=6.2641]
[2023-05-30 14:29:15] INFO Train time: 437.06395s. Valid time: 8.57405s. GPU RAM: 8.39/39.39 GB
[2023-05-30 14:29:15] INFO Current learning rate : 0.00075
[2023-05-30 14:29:19] INFO Best model checkpoint saved in ./saved/SeqMLP/kdd_cup_2023_JP/2023-05-30-13-40-19.ckpt.
[2023-05-30 14:29:19] INFO mrr@100 improved. Best value: 0.2653
[2023-05-30 14:37:03] INFO Training: Epoch=  6 [mrr@100=0.2838 recall@100=0.5222 precision@100=0.0052 ndcg@100=0.3340 train_loss_0=5.8070]
[2023-05-30 14:37:03] INFO Train time: 456.79319s. Valid time: 7.83077s. GPU RAM: 8.39/39.39 GB
[2023-05-30 14:37:03] INFO Current learning rate : 0.00075
[2023-05-30 14:37:06] INFO Best model checkpoint saved in ./saved/SeqMLP/kdd_cup_2023_JP/2023-05-30-13-40-19.ckpt.
[2023-05-30 14:37:06] INFO mrr@100 improved. Best value: 0.2838
[2023-05-30 14:44:33] INFO Training: Epoch=  7 [mrr@100=0.2969 recall@100=0.5488 precision@100=0.0055 ndcg@100=0.3500 train_loss_0=5.4530]
[2023-05-30 14:44:33] INFO Train time: 438.80330s. Valid time: 8.38908s. GPU RAM: 8.39/39.39 GB
[2023-05-30 14:44:33] INFO Current learning rate : 0.00075
[2023-05-30 14:44:36] INFO Best model checkpoint saved in ./saved/SeqMLP/kdd_cup_2023_JP/2023-05-30-13-40-19.ckpt.
[2023-05-30 14:44:36] INFO mrr@100 improved. Best value: 0.2969
[2023-05-30 14:55:01] INFO Training: Epoch=  8 [mrr@100=0.3069 recall@100=0.5707 precision@100=0.0057 ndcg@100=0.3624 train_loss_0=5.1762]
[2023-05-30 14:55:01] INFO Train time: 617.72173s. Valid time: 7.13523s. GPU RAM: 8.39/39.39 GB
[2023-05-30 14:55:01] INFO Current learning rate : 0.00075
[2023-05-30 14:55:04] INFO Best model checkpoint saved in ./saved/SeqMLP/kdd_cup_2023_JP/2023-05-30-13-40-19.ckpt.
[2023-05-30 14:55:04] INFO mrr@100 improved. Best value: 0.3069
[2023-05-30 15:02:45] INFO Training: Epoch=  9 [mrr@100=0.3139 recall@100=0.5870 precision@100=0.0059 ndcg@100=0.3714 train_loss_0=4.9526]
[2023-05-30 15:02:45] INFO Train time: 453.93425s. Valid time: 7.29517s. GPU RAM: 8.39/39.39 GB
[2023-05-30 15:02:45] INFO Current learning rate : 0.00075
[2023-05-30 15:02:47] INFO Best model checkpoint saved in ./saved/SeqMLP/kdd_cup_2023_JP/2023-05-30-13-40-19.ckpt.
[2023-05-30 15:02:47] INFO mrr@100 improved. Best value: 0.3139
[2023-05-30 15:10:40] INFO Training: Epoch= 10 [mrr@100=0.3190 recall@100=0.6001 precision@100=0.0060 ndcg@100=0.3781 train_loss_0=4.7709]
[2023-05-30 15:10:40] INFO Train time: 463.22765s. Valid time: 8.96757s. GPU RAM: 8.39/39.39 GB
[2023-05-30 15:10:40] INFO Current learning rate : 0.00075
[2023-05-30 15:10:43] INFO Best model checkpoint saved in ./saved/SeqMLP/kdd_cup_2023_JP/2023-05-30-13-40-19.ckpt.
[2023-05-30 15:10:43] INFO mrr@100 improved. Best value: 0.3190
[2023-05-30 15:18:55] INFO Training: Epoch= 11 [mrr@100=0.3234 recall@100=0.6103 precision@100=0.0061 ndcg@100=0.3836 train_loss_0=4.6160]
[2023-05-30 15:18:55] INFO Train time: 480.25824s. Valid time: 12.05452s. GPU RAM: 8.39/39.39 GB
[2023-05-30 15:18:55] INFO Current learning rate : 0.00075
[2023-05-30 15:18:59] INFO Best model checkpoint saved in ./saved/SeqMLP/kdd_cup_2023_JP/2023-05-30-13-40-19.ckpt.
[2023-05-30 15:18:59] INFO mrr@100 improved. Best value: 0.3234
[2023-05-30 15:26:45] INFO Training: Epoch= 12 [mrr@100=0.3263 recall@100=0.6188 precision@100=0.0062 ndcg@100=0.3877 train_loss_0=4.4837]
[2023-05-30 15:26:45] INFO Train time: 456.21211s. Valid time: 9.82479s. GPU RAM: 8.39/39.39 GB
[2023-05-30 15:26:45] INFO Current learning rate : 0.00075
[2023-05-30 15:26:48] INFO Best model checkpoint saved in ./saved/SeqMLP/kdd_cup_2023_JP/2023-05-30-13-40-19.ckpt.
[2023-05-30 15:26:48] INFO mrr@100 improved. Best value: 0.3263
[2023-05-30 15:34:20] INFO Training: Epoch= 13 [mrr@100=0.3287 recall@100=0.6256 precision@100=0.0063 ndcg@100=0.3910 train_loss_0=4.3716]
[2023-05-30 15:34:20] INFO Train time: 445.35292s. Valid time: 7.23562s. GPU RAM: 8.39/39.39 GB
[2023-05-30 15:34:20] INFO Current learning rate : 0.00075
[2023-05-30 15:34:22] INFO Best model checkpoint saved in ./saved/SeqMLP/kdd_cup_2023_JP/2023-05-30-13-40-19.ckpt.
[2023-05-30 15:34:22] INFO mrr@100 improved. Best value: 0.3287
[2023-05-30 15:41:49] INFO Training: Epoch= 14 [mrr@100=0.3306 recall@100=0.6305 precision@100=0.0063 ndcg@100=0.3935 train_loss_0=4.2707]
[2023-05-30 15:41:49] INFO Train time: 438.67231s. Valid time: 8.06082s. GPU RAM: 8.39/39.39 GB
[2023-05-30 15:41:49] INFO Current learning rate : 0.00075
[2023-05-30 15:41:52] INFO Best model checkpoint saved in ./saved/SeqMLP/kdd_cup_2023_JP/2023-05-30-13-40-19.ckpt.
[2023-05-30 15:41:52] INFO mrr@100 improved. Best value: 0.3306
[2023-05-30 15:49:29] INFO Training: Epoch= 15 [mrr@100=0.3314 recall@100=0.6350 precision@100=0.0063 ndcg@100=0.3951 train_loss_0=4.1821]
[2023-05-30 15:49:29] INFO Train time: 450.00368s. Valid time: 7.22746s. GPU RAM: 8.39/39.39 GB
[2023-05-30 15:49:29] INFO Current learning rate : 0.00075
[2023-05-30 15:49:32] INFO Best model checkpoint saved in ./saved/SeqMLP/kdd_cup_2023_JP/2023-05-30-13-40-19.ckpt.
[2023-05-30 15:49:32] INFO mrr@100 improved. Best value: 0.3314
[2023-05-30 15:57:19] INFO Training: Epoch= 16 [mrr@100=0.3320 recall@100=0.6376 precision@100=0.0064 ndcg@100=0.3961 train_loss_0=4.1025]
[2023-05-30 15:57:19] INFO Train time: 459.39532s. Valid time: 8.15072s. GPU RAM: 8.39/39.39 GB
[2023-05-30 15:57:19] INFO Current learning rate : 0.00075
[2023-05-30 15:57:21] INFO Best model checkpoint saved in ./saved/SeqMLP/kdd_cup_2023_JP/2023-05-30-13-40-19.ckpt.
[2023-05-30 15:57:21] INFO mrr@100 improved. Best value: 0.3320
[2023-05-30 16:05:02] INFO Training: Epoch= 17 [mrr@100=0.3320 recall@100=0.6399 precision@100=0.0064 ndcg@100=0.3965 train_loss_0=4.0284]
[2023-05-30 16:05:02] INFO Train time: 453.21601s. Valid time: 7.90281s. GPU RAM: 8.39/39.39 GB
[2023-05-30 16:05:02] INFO Current learning rate : 0.00075
[2023-05-30 16:05:05] INFO Best model checkpoint saved in ./saved/SeqMLP/kdd_cup_2023_JP/2023-05-30-13-40-19.ckpt.
[2023-05-30 16:05:05] INFO mrr@100 improved. Best value: 0.3320
[2023-05-30 16:12:58] INFO Training: Epoch= 18 [mrr@100=0.3321 recall@100=0.6430 precision@100=0.0064 ndcg@100=0.3972 train_loss_0=3.9603]
[2023-05-30 16:12:58] INFO Train time: 464.74741s. Valid time: 8.91257s. GPU RAM: 8.39/39.39 GB
[2023-05-30 16:12:58] INFO Current learning rate : 0.00075
[2023-05-30 16:13:03] INFO Best model checkpoint saved in ./saved/SeqMLP/kdd_cup_2023_JP/2023-05-30-13-40-19.ckpt.
[2023-05-30 16:13:03] INFO mrr@100 improved. Best value: 0.3321
[2023-05-30 16:21:02] INFO Training: Epoch= 19 [mrr@100=0.3329 recall@100=0.6443 precision@100=0.0064 ndcg@100=0.3981 train_loss_0=3.8966]
[2023-05-30 16:21:02] INFO Train time: 471.71640s. Valid time: 7.93682s. GPU RAM: 8.39/39.39 GB
[2023-05-30 16:21:02] INFO Current learning rate : 0.00075
[2023-05-30 16:21:06] INFO Best model checkpoint saved in ./saved/SeqMLP/kdd_cup_2023_JP/2023-05-30-13-40-19.ckpt.
[2023-05-30 16:21:06] INFO mrr@100 improved. Best value: 0.3329
[2023-05-30 16:28:44] INFO Training: Epoch= 20 [mrr@100=0.3327 recall@100=0.6458 precision@100=0.0065 ndcg@100=0.3982 train_loss_0=3.8383]
[2023-05-30 16:28:44] INFO Train time: 448.08387s. Valid time: 10.42418s. GPU RAM: 8.39/39.39 GB
[2023-05-30 16:28:44] INFO Current learning rate : 0.00075
[2023-05-30 16:36:41] INFO Training: Epoch= 21 [mrr@100=0.3321 recall@100=0.6457 precision@100=0.0065 ndcg@100=0.3978 train_loss_0=3.7823]
[2023-05-30 16:36:41] INFO Train time: 469.28762s. Valid time: 7.80991s. GPU RAM: 8.39/39.39 GB
[2023-05-30 16:36:41] INFO Current learning rate : 0.00075
[2023-05-30 16:44:39] INFO Training: Epoch= 22 [mrr@100=0.3316 recall@100=0.6450 precision@100=0.0064 ndcg@100=0.3972 train_loss_0=3.7287]
[2023-05-30 16:44:39] INFO Train time: 471.56196s. Valid time: 6.29990s. GPU RAM: 8.39/39.39 GB
[2023-05-30 16:44:39] INFO Current learning rate : 0.000375
[2023-05-30 16:52:42] INFO Training: Epoch= 23 [mrr@100=0.3339 recall@100=0.6462 precision@100=0.0065 ndcg@100=0.3993 train_loss_0=3.5832]
[2023-05-30 16:52:42] INFO Train time: 475.83635s. Valid time: 6.44692s. GPU RAM: 8.39/39.39 GB
[2023-05-30 16:52:42] INFO Current learning rate : 0.000375
[2023-05-30 16:52:45] INFO Best model checkpoint saved in ./saved/SeqMLP/kdd_cup_2023_JP/2023-05-30-13-40-19.ckpt.
[2023-05-30 16:52:45] INFO mrr@100 improved. Best value: 0.3339
[2023-05-30 17:00:49] INFO Training: Epoch= 24 [mrr@100=0.3340 recall@100=0.6471 precision@100=0.0065 ndcg@100=0.3995 train_loss_0=3.5432]
[2023-05-30 17:00:50] INFO Train time: 477.39174s. Valid time: 7.04322s. GPU RAM: 8.39/39.39 GB
[2023-05-30 17:00:50] INFO Current learning rate : 0.000375
[2023-05-30 17:00:52] INFO Best model checkpoint saved in ./saved/SeqMLP/kdd_cup_2023_JP/2023-05-30-13-40-19.ckpt.
[2023-05-30 17:00:52] INFO mrr@100 improved. Best value: 0.3340
[2023-05-30 17:09:11] INFO Training: Epoch= 25 [mrr@100=0.3335 recall@100=0.6468 precision@100=0.0065 ndcg@100=0.3990 train_loss_0=3.5154]
[2023-05-30 17:09:11] INFO Train time: 492.74806s. Valid time: 5.87575s. GPU RAM: 8.39/39.39 GB
[2023-05-30 17:09:11] INFO Current learning rate : 0.000375
[2023-05-30 17:17:03] INFO Training: Epoch= 26 [mrr@100=0.3330 recall@100=0.6460 precision@100=0.0065 ndcg@100=0.3984 train_loss_0=3.4904]
[2023-05-30 17:17:03] INFO Train time: 465.01234s. Valid time: 7.65598s. GPU RAM: 8.39/39.39 GB
[2023-05-30 17:17:03] INFO Current learning rate : 0.000375
[2023-05-30 17:24:43] INFO Training: Epoch= 27 [mrr@100=0.3329 recall@100=0.6462 precision@100=0.0065 ndcg@100=0.3984 train_loss_0=3.4667]
[2023-05-30 17:24:43] INFO Train time: 451.76139s. Valid time: 7.92633s. GPU RAM: 8.39/39.39 GB
[2023-05-30 17:24:43] INFO Current learning rate : 0.0001875
[2023-05-30 17:32:27] INFO Training: Epoch= 28 [mrr@100=0.3330 recall@100=0.6459 precision@100=0.0065 ndcg@100=0.3984 train_loss_0=3.3900]
[2023-05-30 17:32:27] INFO Train time: 456.32415s. Valid time: 7.71684s. GPU RAM: 8.39/39.39 GB
[2023-05-30 17:32:27] INFO Current learning rate : 0.0001875
[2023-05-30 17:40:05] INFO Training: Epoch= 29 [mrr@100=0.3326 recall@100=0.6457 precision@100=0.0065 ndcg@100=0.3980 train_loss_0=3.3722]
[2023-05-30 17:40:05] INFO Train time: 449.01727s. Valid time: 9.04480s. GPU RAM: 8.39/39.39 GB
[2023-05-30 17:40:05] INFO Current learning rate : 0.0001875
[2023-05-30 17:47:36] INFO Training: Epoch= 30 [mrr@100=0.3327 recall@100=0.6459 precision@100=0.0065 ndcg@100=0.3981 train_loss_0=3.3589]
[2023-05-30 17:47:36] INFO Train time: 443.06564s. Valid time: 7.46566s. GPU RAM: 8.39/39.39 GB
[2023-05-30 17:47:36] INFO Current learning rate : 9.375e-05
[2023-05-30 17:55:19] INFO Training: Epoch= 31 [mrr@100=0.3327 recall@100=0.6455 precision@100=0.0065 ndcg@100=0.3981 train_loss_0=3.3176]
[2023-05-30 17:55:19] INFO Train time: 457.09083s. Valid time: 6.20296s. GPU RAM: 8.39/39.39 GB
[2023-05-30 17:55:19] INFO Current learning rate : 9.375e-05
[2023-05-30 18:03:08] INFO Training: Epoch= 32 [mrr@100=0.3324 recall@100=0.6457 precision@100=0.0065 ndcg@100=0.3979 train_loss_0=3.3093]
[2023-05-30 18:03:08] INFO Train time: 460.29510s. Valid time: 8.25834s. GPU RAM: 8.39/39.39 GB
[2023-05-30 18:03:08] INFO Current learning rate : 9.375e-05
[2023-05-30 18:11:13] INFO Training: Epoch= 33 [mrr@100=0.3323 recall@100=0.6452 precision@100=0.0065 ndcg@100=0.3977 train_loss_0=3.3022]
[2023-05-30 18:11:13] INFO Train time: 477.04781s. Valid time: 8.37333s. GPU RAM: 8.39/39.39 GB
[2023-05-30 18:11:13] INFO Current learning rate : 4.6875e-05
[2023-05-30 18:19:26] INFO Training: Epoch= 34 [mrr@100=0.3323 recall@100=0.6452 precision@100=0.0065 ndcg@100=0.3977 train_loss_0=3.2817]
[2023-05-30 18:19:26] INFO Train time: 484.57358s. Valid time: 8.43903s. GPU RAM: 8.39/39.39 GB
[2023-05-30 18:19:26] INFO Current learning rate : 4.6875e-05
[2023-05-30 18:19:26] INFO Early stopped. Since the metric mrr@100 haven't been improved for 10 epochs.
[2023-05-30 18:19:26] INFO The best score of mrr@100 is 0.3340 on epoch 24
[2023-05-30 18:19:29] INFO Best model checkpoint saved in ./saved/SeqMLP/kdd_cup_2023_JP/2023-05-30-13-40-19.ckpt.
[2023-05-30 18:19:35] INFO Testing:  [recall@100=0.6471 precision@100=0.0065 map@100=0.3340 ndcg@100=0.3995 mrr@100=0.3340 hit@100=0.6471 recall@200=0.6742 precision@200=0.0034 map@200=0.3342 ndcg@200=0.4033 mrr@200=0.3342 hit@200=0.6742 recall@300=0.6887 precision@300=0.0023 map@300=0.3343 ndcg@300=0.4051 mrr@300=0.3343 hit@300=0.6887]
[2023-05-30 18:19:48] INFO Load checkpoint from ./saved/SeqMLP/kdd_cup_2023_JP/2023-05-30-13-40-19.ckpt
[2023-05-30 18:20:22] INFO Load checkpoint from ./saved/SeqMLP/kdd_cup_2023_JP/2023-05-30-13-40-19.ckpt
[2023-05-30 18:21:04] INFO Load checkpoint from ./saved/SeqMLP/kdd_cup_2023_JP/2023-05-30-13-40-19.ckpt
[2023-05-30 18:21:36] INFO Prediction is finished, results are saved in ./predictions/SeqMLP/kdd_cup_2023_JP/2023-05-30-18-19-35.parquet.
